<?xml version="1.0" encoding="UTF-8" standalone="no"?>
<testsuite errors="0" failures="1" name="io.cucumber.core.plugin.JUnitFormatter" skipped="0" tests="2" time="104.577">
<testcase classname="Register Features" name="register with your user" time="25.103">
<failure message="no such element: Unable to locate element: {&quot;method&quot;:&quot;xpath&quot;,&quot;selector&quot;:&quot;/html[1]/body[1]/main[1]/section[1]/div[1]/div[2]/div[1]/p[1]&quot;}&#10;  (Session info: chrome=85.0.4183.121)&#10;For documentation on this error, please visit: https://www.seleniumhq.org/exceptions/no_such_element.html&#10;Build info: version: '3.141.59', revision: 'e82be7d358', time: '2018-11-14T08:17:03'&#10;System info: host: 'DESKTOP-O795BLK', ip: '192.168.225.228', os.name: 'Windows 10', os.arch: 'amd64', os.version: '10.0', java.version: '1.8.0_251'&#10;Driver info: org.openqa.selenium.chrome.ChromeDriver&#10;Capabilities {acceptInsecureCerts: false, browserName: chrome, browserVersion: 85.0.4183.121, chrome: {chromedriverVersion: 85.0.4183.87 (cd6713ebf92fa..., userDataDir: C:\Users\RADHAS~1\AppData\L...}, goog:chromeOptions: {debuggerAddress: localhost:56437}, javascriptEnabled: true, networkConnectionEnabled: false, pageLoadStrategy: normal, platform: WINDOWS, platformName: WINDOWS, proxy: Proxy(), setWindowRect: true, strictFileInteractability: false, timeouts: {implicit: 0, pageLoad: 300000, script: 30000}, unhandledPromptBehavior: dismiss and notify, webauthn:virtualAuthenticators: true}&#10;Session ID: a0c2fad54c76ff4a7a4a63f18975fbaf&#10;*** Element info: {Using=xpath, value=/html[1]/body[1]/main[1]/section[1]/div[1]/div[2]/div[1]/p[1]}" type="org.openqa.selenium.NoSuchElementException"><![CDATA[Given I am able to naviagte onto the elarning page..........................passed
When I Enter the first name as "<fname>"....................................passed
And I Enter the last name as "<lname>"......................................passed
And I Enter the email as "<email>"..........................................passed
And I Enter the user name as "<uname>"......................................passed
And I Enter the pass as "<pwd1>"............................................passed
And I Enter the confirm password as "<pwd2>"................................passed
And I click on the register button..........................................passed
Then I should see the message...............................................failed

StackTrace:
org.openqa.selenium.NoSuchElementException: no such element: Unable to locate element: {"method":"xpath","selector":"/html[1]/body[1]/main[1]/section[1]/div[1]/div[2]/div[1]/p[1]"}
  (Session info: chrome=85.0.4183.121)
For documentation on this error, please visit: https://www.seleniumhq.org/exceptions/no_such_element.html
Build info: version: '3.141.59', revision: 'e82be7d358', time: '2018-11-14T08:17:03'
System info: host: 'DESKTOP-O795BLK', ip: '192.168.225.228', os.name: 'Windows 10', os.arch: 'amd64', os.version: '10.0', java.version: '1.8.0_251'
Driver info: org.openqa.selenium.chrome.ChromeDriver
Capabilities {acceptInsecureCerts: false, browserName: chrome, browserVersion: 85.0.4183.121, chrome: {chromedriverVersion: 85.0.4183.87 (cd6713ebf92fa..., userDataDir: C:\Users\RADHAS~1\AppData\L...}, goog:chromeOptions: {debuggerAddress: localhost:56437}, javascriptEnabled: true, networkConnectionEnabled: false, pageLoadStrategy: normal, platform: WINDOWS, platformName: WINDOWS, proxy: Proxy(), setWindowRect: true, strictFileInteractability: false, timeouts: {implicit: 0, pageLoad: 300000, script: 30000}, unhandledPromptBehavior: dismiss and notify, webauthn:virtualAuthenticators: true}
Session ID: a0c2fad54c76ff4a7a4a63f18975fbaf
*** Element info: {Using=xpath, value=/html[1]/body[1]/main[1]/section[1]/div[1]/div[2]/div[1]/p[1]}
	at sun.reflect.NativeConstructorAccessorImpl.newInstance0(Native Method)
	at sun.reflect.NativeConstructorAccessorImpl.newInstance(Unknown Source)
	at sun.reflect.DelegatingConstructorAccessorImpl.newInstance(Unknown Source)
	at java.lang.reflect.Constructor.newInstance(Unknown Source)
	at org.openqa.selenium.remote.http.W3CHttpResponseCodec.createException(W3CHttpResponseCodec.java:187)
	at org.openqa.selenium.remote.http.W3CHttpResponseCodec.decode(W3CHttpResponseCodec.java:122)
	at org.openqa.selenium.remote.http.W3CHttpResponseCodec.decode(W3CHttpResponseCodec.java:49)
	at org.openqa.selenium.remote.HttpCommandExecutor.execute(HttpCommandExecutor.java:158)
	at org.openqa.selenium.remote.service.DriverCommandExecutor.execute(DriverCommandExecutor.java:83)
	at org.openqa.selenium.remote.RemoteWebDriver.execute(RemoteWebDriver.java:552)
	at org.openqa.selenium.remote.RemoteWebDriver.findElement(RemoteWebDriver.java:323)
	at org.openqa.selenium.remote.RemoteWebDriver.findElementByXPath(RemoteWebDriver.java:428)
	at org.openqa.selenium.By$ByXPath.findElement(By.java:353)
	at org.openqa.selenium.remote.RemoteWebDriver.findElement(RemoteWebDriver.java:315)
	at StepDefinition.steps.i_should_see_the_message(steps.java:74)
	at âœ½.I should see the message(file:///C:/Users/RadhaSiddeshwaraiah/git/demo3/assignment/src/test/resources/Features/commonNavi.feature:18)
]]></failure>
</testcase>
<testcase classname="Register Features" name="login with your user" time="79.005">
<system-out><![CDATA[Given I am able to naviagte onto the elarning page..........................passed
When I Enter the username as "RS_121".......................................passed
And I Enter the password as "varad".........................................passed
And I click on the login button.............................................passed
And I should see the welcome message........................................passed
And I click on compose button...............................................passed
And I Enter Send to mail as "<sendtomail>"..................................passed
And I Enter subject as "<subject>"..........................................passed
And I Enter message as "<message>"..........................................passed
And I click on send message button..........................................passed
Then I should get acknowledgement message...................................passed
]]></system-out>
</testcase>
</testsuite>
